[1m============================= test session starts ==============================[0m
platform linux -- Python 3.8.10, pytest-7.2.0, pluggy-0.13.0
cachedir: /home/python/robot_ws/build/m_pubsub/.pytest_cache
rootdir: /home/python/robot_ws/src/m_pubsub
plugins: launch-testing-ros-0.11.7, ament-flake8-0.9.7, ament-pep257-0.9.7, ament-copyright-0.9.7, ament-lint-0.9.7, ament-xmllint-0.9.7, launch-testing-0.10.10, repeat-0.9.1, rerunfailures-10.3, colcon-core-0.11.0, cov-2.8.1
[1mcollecting ... [0m[1m
collected 3 items                                                              [0m

test/test_copyright.py [31mF[0m[31m                                                 [ 33%][0m
test/test_flake8.py [31mF[0m[31m                                                    [ 66%][0m
test/test_pep257.py [32m.[0m[31m                                                    [100%][0m

=================================== FAILURES ===================================
[31m[1m________________________________ test_copyright ________________________________[0m
[1m[31mtest/test_copyright.py[0m:23: in test_copyright
    [34;01massert[39;49;00m rc == [34;01m0[39;49;00m, [33m'[39;49;00m[33mFound errors[39;49;00m[33m'[39;49;00m
[1m[31mE   AssertionError: Found errors[0m
[1m[31mE   assert 1 == 0[0m
----------------------------- Captured stderr call -----------------------------
m_pubsub/mpub.py: could not find copyright notice
1 errors, checked 6 files
[31m[1m_________________________________ test_flake8 __________________________________[0m
[1m[31mtest/test_flake8.py[0m:23: in test_flake8
    [34;01massert[39;49;00m rc == [34;01m0[39;49;00m, \
[1m[31mE   AssertionError: Found 15 code style errors / warnings:[0m
[1m[31mE     ./m_pubsub/mpub.py:5:1: E302 expected 2 blank lines, found 1[0m
[1m[31mE     ./m_pubsub/mpub.py:6:1: CNL100 Class definition does not have a new line.[0m
[1m[31mE     ./m_pubsub/mpub.py:6:3: E111 indentation is not a multiple of four[0m
[1m[31mE     ./m_pubsub/mpub.py:12:3: E111 indentation is not a multiple of four[0m
[1m[31mE     ./m_pubsub/mpub.py:14:16: Q000 Double quotes found but single quotes preferred[0m
[1m[31mE     ./m_pubsub/mpub.py:19:14: E251 unexpected spaces around keyword / parameter equals[0m
[1m[31mE     ./m_pubsub/mpub.py:19:16: E251 unexpected spaces around keyword / parameter equals[0m
[1m[31mE     ./m_pubsub/mpub.py:20:3: E111 indentation is not a multiple of four[0m
[1m[31mE     ./m_pubsub/mpub.py:21:3: E111 indentation is not a multiple of four[0m
[1m[31mE     ./m_pubsub/mpub.py:22:3: E111 indentation is not a multiple of four[0m
[1m[31mE     ./m_pubsub/mpub.py:24:3: E111 indentation is not a multiple of four[0m
[1m[31mE     ./m_pubsub/mpub.py:26:3: E111 indentation is not a multiple of four[0m
[1m[31mE     ./m_pubsub/mpub.py:28:3: E111 indentation is not a multiple of four[0m
[1m[31mE     ./m_pubsub/mpub.py:30:1: E305 expected 2 blank lines after class or function definition, found 1[0m
[1m[31mE     ./m_pubsub/mpub.py:31:3: E111 indentation is not a multiple of four[0m
[1m[31mE   assert 1 == 0[0m
----------------------------- Captured stdout call -----------------------------

./m_pubsub/mpub.py:5:1: E302 expected 2 blank lines, found 1
class M_pub(Node):
^

./m_pubsub/mpub.py:6:1: CNL100 Class definition does not have a new line.
  def __init__(self):
^

./m_pubsub/mpub.py:6:3: E111 indentation is not a multiple of four
  def __init__(self):
  ^

./m_pubsub/mpub.py:12:3: E111 indentation is not a multiple of four
  def m_publisher(self):
  ^

./m_pubsub/mpub.py:14:16: Q000 Double quotes found but single quotes preferred
    msg.data = "hellow" + self.count
               ^

./m_pubsub/mpub.py:19:14: E251 unexpected spaces around keyword / parameter equals
def main(args = None):
             ^

./m_pubsub/mpub.py:19:16: E251 unexpected spaces around keyword / parameter equals
def main(args = None):
               ^

./m_pubsub/mpub.py:20:3: E111 indentation is not a multiple of four
  rclpy.init(args=args)
  ^

./m_pubsub/mpub.py:21:3: E111 indentation is not a multiple of four
  node = M_pub()
  ^

./m_pubsub/mpub.py:22:3: E111 indentation is not a multiple of four
  try:
  ^

./m_pubsub/mpub.py:24:3: E111 indentation is not a multiple of four
  except KeyboardInterrupt:
  ^

./m_pubsub/mpub.py:26:3: E111 indentation is not a multiple of four
  finally:
  ^

./m_pubsub/mpub.py:28:3: E111 indentation is not a multiple of four
  print('aaa')
  ^

./m_pubsub/mpub.py:30:1: E305 expected 2 blank lines after class or function definition, found 1
if __name__ == '__main__':
^

./m_pubsub/mpub.py:31:3: E111 indentation is not a multiple of four
  main()
  ^

1     CNL100 Class definition does not have a new line.
9     E111 indentation is not a multiple of four
2     E251 unexpected spaces around keyword / parameter equals
1     E302 expected 2 blank lines, found 1
1     E305 expected 2 blank lines after class or function definition, found 1
1     Q000 Double quotes found but single quotes preferred

7 files checked
15 errors

'C'-type errors: 1
'E'-type errors: 13
'Q'-type errors: 1

Checked files:

* ./setup.py
* ./m_pubsub/msub.py
* ./m_pubsub/mpub.py
* ./m_pubsub/__init__.py
* ./test/test_flake8.py
* ./test/test_copyright.py
* ./test/test_pep257.py
----- generated xml file: /home/python/robot_ws/build/m_pubsub/pytest.xml ------
[36m[1m=========================== short test summary info ============================[0m
[31mFAILED[0m test/test_copyright.py::[1mtest_copyright[0m - AssertionError: Found errors
[31mFAILED[0m test/test_flake8.py::[1mtest_flake8[0m - AssertionError: Found 15 code style errors / warnings:
[31m==================== [31m[1m2 failed[0m, [32m1 passed[0m, [33m1 warning[0m[31m in 0.46s[0m[31m ====================[0m
