[0.329s] Invoking command in '/home/python/robot_ws/src/m_pubsub': AMENT_PREFIX_PATH=/home/python/robot_ws/install/m_pubsub:${AMENT_PREFIX_PATH} PYTEST_ADDOPTS=--tb=short --junit-xml=/home/python/robot_ws/build/m_pubsub/pytest.xml --junit-prefix=m_pubsub -o cache_dir=/home/python/robot_ws/build/m_pubsub/.pytest_cache PYTHONPATH=/home/python/robot_ws/build/m_pubsub:/home/python/robot_ws/install/m_pubsub/lib/python3.8/site-packages:${PYTHONPATH} /usr/bin/python3 -m pytest
[1.160s] [1m============================= test session starts ==============================[0m
[1.161s] platform linux -- Python 3.8.10, pytest-7.2.0, pluggy-0.13.0
[1.170s] cachedir: /home/python/robot_ws/build/m_pubsub/.pytest_cache
[1.171s] rootdir: /home/python/robot_ws/src/m_pubsub
[1.171s] plugins: launch-testing-ros-0.11.7, ament-flake8-0.9.7, ament-pep257-0.9.7, ament-copyright-0.9.7, ament-lint-0.9.7, ament-xmllint-0.9.7, launch-testing-0.10.10, repeat-0.9.1, rerunfailures-10.3, colcon-core-0.11.0, cov-2.8.1
[1.273s] [1mcollecting ... [0m[1m
[1.273s] collected 3 items                                                              [0m
[1.273s] 
[1.342s] test/test_copyright.py [31mF[0m[31m                                                 [ 33%][0m
[1.549s] test/test_flake8.py [31mF[0m[31m                                                    [ 66%][0m
[1.579s] test/test_pep257.py [32m.[0m[31m                                                    [100%][0m
[1.579s] 
[1.580s] =================================== FAILURES ===================================
[1.580s] [31m[1m________________________________ test_copyright ________________________________[0m
[1.580s] [1m[31mtest/test_copyright.py[0m:23: in test_copyright
[1.616s]     [34;01massert[39;49;00m rc == [34;01m0[39;49;00m, [33m'[39;49;00m[33mFound errors[39;49;00m[33m'[39;49;00m
[1.616s] [1m[31mE   AssertionError: Found errors[0m
[1.616s] [1m[31mE   assert 1 == 0[0m
[1.617s] ----------------------------- Captured stderr call -----------------------------
[1.617s] m_pubsub/mpub.py: could not find copyright notice
[1.617s] 1 errors, checked 6 files
[1.617s] [31m[1m_________________________________ test_flake8 __________________________________[0m
[1.617s] [1m[31mtest/test_flake8.py[0m:23: in test_flake8
[1.618s]     [34;01massert[39;49;00m rc == [34;01m0[39;49;00m, \
[1.618s] [1m[31mE   AssertionError: Found 15 code style errors / warnings:[0m
[1.618s] [1m[31mE     ./m_pubsub/mpub.py:5:1: E302 expected 2 blank lines, found 1[0m
[1.619s] [1m[31mE     ./m_pubsub/mpub.py:6:1: CNL100 Class definition does not have a new line.[0m
[1.622s] [1m[31mE     ./m_pubsub/mpub.py:6:3: E111 indentation is not a multiple of four[0m
[1.622s] [1m[31mE     ./m_pubsub/mpub.py:12:3: E111 indentation is not a multiple of four[0m
[1.622s] [1m[31mE     ./m_pubsub/mpub.py:14:16: Q000 Double quotes found but single quotes preferred[0m
[1.622s] [1m[31mE     ./m_pubsub/mpub.py:19:14: E251 unexpected spaces around keyword / parameter equals[0m
[1.622s] [1m[31mE     ./m_pubsub/mpub.py:19:16: E251 unexpected spaces around keyword / parameter equals[0m
[1.622s] [1m[31mE     ./m_pubsub/mpub.py:20:3: E111 indentation is not a multiple of four[0m
[1.622s] [1m[31mE     ./m_pubsub/mpub.py:21:3: E111 indentation is not a multiple of four[0m
[1.622s] [1m[31mE     ./m_pubsub/mpub.py:22:3: E111 indentation is not a multiple of four[0m
[1.622s] [1m[31mE     ./m_pubsub/mpub.py:24:3: E111 indentation is not a multiple of four[0m
[1.622s] [1m[31mE     ./m_pubsub/mpub.py:26:3: E111 indentation is not a multiple of four[0m
[1.623s] [1m[31mE     ./m_pubsub/mpub.py:28:3: E111 indentation is not a multiple of four[0m
[1.623s] [1m[31mE     ./m_pubsub/mpub.py:30:1: E305 expected 2 blank lines after class or function definition, found 1[0m
[1.623s] [1m[31mE     ./m_pubsub/mpub.py:31:3: E111 indentation is not a multiple of four[0m
[1.623s] [1m[31mE   assert 1 == 0[0m
[1.623s] [33m=============================== warnings summary ===============================[0m
[1.623s] ../../../../../usr/lib/python3/dist-packages/pydocstyle/config.py:6
[1.623s]   Warning: Using or importing the ABCs from 'collections' instead of from 'collections.abc' is deprecated since Python 3.3, and in 3.10 it will stop working
[1.623s] 
[1.623s] -- Docs: https://docs.pytest.org/en/stable/how-to/capture-warnings.html
[1.623s] ----------------------------- Captured stdout call -----------------------------
[1.623s] 
[1.624s] ./m_pubsub/mpub.py:5:1: E302 expected 2 blank lines, found 1
[1.624s] class M_pub(Node):
[1.624s] ^
[1.624s] 
[1.624s] ./m_pubsub/mpub.py:6:1: CNL100 Class definition does not have a new line.
[1.624s]   def __init__(self):
[1.624s] ^
[1.624s] 
[1.624s] ./m_pubsub/mpub.py:6:3: E111 indentation is not a multiple of four
[1.624s]   def __init__(self):
[1.624s]   ^
[1.625s] 
[1.625s] ./m_pubsub/mpub.py:12:3: E111 indentation is not a multiple of four
[1.625s]   def m_publisher(self):
[1.625s]   ^
[1.625s] 
[1.625s] ./m_pubsub/mpub.py:14:16: Q000 Double quotes found but single quotes preferred
[1.625s]     msg.data = "hellow" + self.count
[1.625s]                ^
[1.625s] 
[1.625s] ./m_pubsub/mpub.py:19:14: E251 unexpected spaces around keyword / parameter equals
[1.625s] def main(args = None):
[1.626s]              ^
[1.627s] 
[1.628s] ./m_pubsub/mpub.py:19:16: E251 unexpected spaces around keyword / parameter equals
[1.628s] def main(args = None):
[1.628s]                ^
[1.628s] 
[1.628s] ./m_pubsub/mpub.py:20:3: E111 indentation is not a multiple of four
[1.628s]   rclpy.init(args=args)
[1.629s]   ^
[1.629s] 
[1.629s] ./m_pubsub/mpub.py:21:3: E111 indentation is not a multiple of four
[1.629s]   node = M_pub()
[1.629s]   ^
[1.630s] 
[1.630s] ./m_pubsub/mpub.py:22:3: E111 indentation is not a multiple of four
[1.630s]   try:
[1.630s]   ^
[1.630s] 
[1.631s] ./m_pubsub/mpub.py:24:3: E111 indentation is not a multiple of four
[1.631s]   except KeyboardInterrupt:
[1.632s]   ^
[1.632s] 
[1.632s] ./m_pubsub/mpub.py:26:3: E111 indentation is not a multiple of four
[1.632s]   finally:
[1.632s]   ^
[1.633s] 
[1.633s] ./m_pubsub/mpub.py:28:3: E111 indentation is not a multiple of four
[1.634s]   print('aaa')
[1.634s]   ^
[1.634s] 
[1.634s] ./m_pubsub/mpub.py:30:1: E305 expected 2 blank lines after class or function definition, found 1
[1.634s] if __name__ == '__main__':
[1.635s] ^
[1.635s] 
[1.638s] ./m_pubsub/mpub.py:31:3: E111 indentation is not a multiple of four
[1.638s]   main()
[1.638s]   ^
[1.638s] 
[1.639s] 1     CNL100 Class definition does not have a new line.
[1.639s] 9     E111 indentation is not a multiple of four
[1.639s] 2     E251 unexpected spaces around keyword / parameter equals
[1.639s] 1     E302 expected 2 blank lines, found 1
[1.639s] 1     E305 expected 2 blank lines after class or function definition, found 1
[1.640s] 1     Q000 Double quotes found but single quotes preferred
[1.640s] 
[1.640s] 7 files checked
[1.640s] 15 errors
[1.640s] 
[1.641s] 'C'-type errors: 1
[1.641s] 'E'-type errors: 13
[1.641s] 'Q'-type errors: 1
[1.641s] 
[1.641s] Checked files:
[1.642s] 
[1.642s] * ./setup.py
[1.642s] * ./m_pubsub/msub.py
[1.642s] * ./m_pubsub/mpub.py
[1.642s] * ./m_pubsub/__init__.py
[1.644s] * ./test/test_flake8.py
[1.644s] * ./test/test_copyright.py
[1.645s] * ./test/test_pep257.py
[1.645s] ----- generated xml file: /home/python/robot_ws/build/m_pubsub/pytest.xml ------
[1.645s] [36m[1m=========================== short test summary info ============================[0m
[1.646s] [31mFAILED[0m test/test_copyright.py::[1mtest_copyright[0m - AssertionError: Found errors
[1.646s] [31mFAILED[0m test/test_flake8.py::[1mtest_flake8[0m - AssertionError: Found 15 code style errors / warnings:
[1.646s] [31m==================== [31m[1m2 failed[0m, [32m1 passed[0m, [33m1 warning[0m[31m in 0.46s[0m[31m ====================[0m
[1.710s] Invoked command in '/home/python/robot_ws/src/m_pubsub' returned '1': AMENT_PREFIX_PATH=/home/python/robot_ws/install/m_pubsub:${AMENT_PREFIX_PATH} PYTEST_ADDOPTS=--tb=short --junit-xml=/home/python/robot_ws/build/m_pubsub/pytest.xml --junit-prefix=m_pubsub -o cache_dir=/home/python/robot_ws/build/m_pubsub/.pytest_cache PYTHONPATH=/home/python/robot_ws/build/m_pubsub:/home/python/robot_ws/install/m_pubsub/lib/python3.8/site-packages:${PYTHONPATH} /usr/bin/python3 -m pytest
