[0.045s] Invoking command in '/home/python/robot_ws/build/class_test_interfaces': CMAKE_PREFIX_PATH=/home/python/robot_ws/install/move_turtle_pkg:/home/python/robot_ws/install/m_pubsub:/opt/ros/foxy /usr/bin/cmake /home/python/robot_ws/src/class_test_interfaces -DAMENT_CMAKE_SYMLINK_INSTALL=1 -DCMAKE_INSTALL_PREFIX=/home/python/robot_ws/install/class_test_interfaces
[0.069s] -- Found ament_cmake: 0.9.11 (/opt/ros/foxy/share/ament_cmake/cmake)
[0.103s] -- Found PythonInterp: /usr/bin/python3 (found suitable version "3.8.10", minimum required is "3") 
[0.104s] -- Using PYTHON_EXECUTABLE: /usr/bin/python3
[0.361s] -- Override CMake install command with custom implementation using symlinks instead of copying resources
[0.371s] -- Found rosidl_default_generators: 1.0.1 (/opt/ros/foxy/share/rosidl_default_generators/cmake)
[0.374s] -- Using all available rosidl_typesupport_c: rosidl_typesupport_fastrtps_c;rosidl_typesupport_introspection_c
[0.379s] -- Found rosidl_adapter: 1.3.0 (/opt/ros/foxy/share/rosidl_adapter/cmake)
[0.628s] -- Using all available rosidl_typesupport_cpp: rosidl_typesupport_fastrtps_cpp;rosidl_typesupport_introspection_cpp
[0.704s] -- Found PythonInterp: /usr/bin/python3 (found version "3.8.10") 
[0.902s] -- Found ament_cmake_ros: 0.9.2 (/opt/ros/foxy/share/ament_cmake_ros/cmake)
[1.063s] -- Using all available rosidl_typesupport_c: rosidl_typesupport_fastrtps_c;rosidl_typesupport_introspection_c
[1.081s] -- Using all available rosidl_typesupport_cpp: rosidl_typesupport_fastrtps_cpp;rosidl_typesupport_introspection_cpp
[1.120s] -- Found PythonInterp: /usr/bin/python3 (found suitable version "3.8.10", minimum required is "3.5") 
[1.123s] -- Found python_cmake_module: 0.8.1 (/opt/ros/foxy/share/python_cmake_module/cmake)
[1.170s] -- Found PythonLibs: /usr/lib/x86_64-linux-gnu/libpython3.8.so (found suitable version "3.8.10", minimum required is "3.5") 
[1.170s] -- Using PYTHON_EXECUTABLE: /usr/bin/python3
[1.170s] -- Using PYTHON_INCLUDE_DIRS: /usr/include/python3.8
[1.170s] -- Using PYTHON_LIBRARIES: /usr/lib/x86_64-linux-gnu/libpython3.8.so
[1.207s] -- Found PythonExtra: .so  
[1.276s] -- Found ament_lint_auto: 0.9.7 (/opt/ros/foxy/share/ament_lint_auto/cmake)
[1.328s] -- Added test 'copyright' to check source files copyright and LICENSE
[1.333s] -- Added test 'lint_cmake' to check CMake code style
[1.338s] -- Added test 'xmllint' to check XML markup files
[1.349s] -- Configuring done
[1.420s] -- Generating done
[1.425s] -- Build files have been written to: /home/python/robot_ws/build/class_test_interfaces
[1.463s] Invoked command in '/home/python/robot_ws/build/class_test_interfaces' returned '0': CMAKE_PREFIX_PATH=/home/python/robot_ws/install/move_turtle_pkg:/home/python/robot_ws/install/m_pubsub:/opt/ros/foxy /usr/bin/cmake /home/python/robot_ws/src/class_test_interfaces -DAMENT_CMAKE_SYMLINK_INSTALL=1 -DCMAKE_INSTALL_PREFIX=/home/python/robot_ws/install/class_test_interfaces
[1.465s] Invoking command in '/home/python/robot_ws/build/class_test_interfaces': CMAKE_PREFIX_PATH=/home/python/robot_ws/install/move_turtle_pkg:/home/python/robot_ws/install/m_pubsub:/opt/ros/foxy /usr/bin/cmake --build /home/python/robot_ws/build/class_test_interfaces -- -j2 -l2
[1.524s] [  2%] [34m[1mGenerating C code for ROS interfaces[0m
[1.548s] [35m[1mScanning dependencies of target class_test_interfaces__cpp[0m
[1.589s] [  4%] [34m[1mGenerating C++ code for ROS interfaces[0m
[2.988s] [  4%] Built target class_test_interfaces__cpp
[3.018s] [  6%] [34m[1mGenerating C++ type support dispatch for ROS interfaces[0m
[3.354s] [35m[1mScanning dependencies of target class_test_interfaces__rosidl_generator_c[0m
[3.453s] [  8%] [32mBuilding C object CMakeFiles/class_test_interfaces__rosidl_generator_c.dir/rosidl_generator_c/class_test_interfaces/msg/detail/intfloat__functions.c.o[0m
[3.554s] In file included from [01m[K/home/python/robot_ws/build/class_test_interfaces/rosidl_generator_c/class_test_interfaces/msg/detail/intfloat__functions.h:19[m[K,
[3.554s]                  from [01m[K/home/python/robot_ws/build/class_test_interfaces/rosidl_generator_c/class_test_interfaces/msg/detail/intfloat__functions.c:4[m[K:
[3.554s] [01m[K/home/python/robot_ws/build/class_test_interfaces/rosidl_generator_c/class_test_interfaces/msg/detail/intfloat__struct.h:22:10:[m[K [01;31m[Kfatal error: [m[Kclass_test_interfaces/msg/detail/int__struct.h: No such file or directory
[3.554s]    22 | #include [01;31m[K"class_test_interfaces/msg/detail/int__struct.h"[m[K
[3.555s]       |          [01;31m[K^~~~~~~~~~~~~~~~~~~~~~~~~~~~~~~~~~~~~~~~~~~~~~~~[m[K
[3.555s] compilation terminated.
[3.558s] make[2]: *** [CMakeFiles/class_test_interfaces__rosidl_generator_c.dir/build.make:124: CMakeFiles/class_test_interfaces__rosidl_generator_c.dir/rosidl_generator_c/class_test_interfaces/msg/detail/intfloat__functions.c.o] Error 1
[3.558s] make[1]: *** [CMakeFiles/Makefile2:496: CMakeFiles/class_test_interfaces__rosidl_generator_c.dir/all] Error 2
[3.558s] make[1]: *** Waiting for unfinished jobs....
[4.028s] [35m[1mScanning dependencies of target class_test_interfaces__rosidl_typesupport_cpp[0m
[4.116s] [ 10%] [32mBuilding CXX object CMakeFiles/class_test_interfaces__rosidl_typesupport_cpp.dir/rosidl_typesupport_cpp/class_test_interfaces/msg/intfloat__type_support.cpp.o[0m
[4.123s] [ 12%] [32mBuilding CXX object CMakeFiles/class_test_interfaces__rosidl_typesupport_cpp.dir/rosidl_typesupport_cpp/class_test_interfaces/srv/add_three_ints__type_support.cpp.o[0m
[4.340s] In file included from [01m[K/home/python/robot_ws/build/class_test_interfaces/rosidl_typesupport_cpp/class_test_interfaces/msg/intfloat__type_support.cpp:7[m[K:
[4.341s] [01m[K/home/python/robot_ws/build/class_test_interfaces/rosidl_generator_cpp/class_test_interfaces/msg/detail/intfloat__struct.hpp:19:10:[m[K [01;31m[Kfatal error: [m[Kclass_test_interfaces/msg/detail/int__struct.hpp: No such file or directory
[4.341s]    19 | #include [01;31m[K"class_test_interfaces/msg/detail/int__struct.hpp"[m[K
[4.341s]       |          [01;31m[K^~~~~~~~~~~~~~~~~~~~~~~~~~~~~~~~~~~~~~~~~~~~~~~~~~[m[K
[4.341s] compilation terminated.
[4.349s] make[2]: *** [CMakeFiles/class_test_interfaces__rosidl_typesupport_cpp.dir/build.make:81: CMakeFiles/class_test_interfaces__rosidl_typesupport_cpp.dir/rosidl_typesupport_cpp/class_test_interfaces/msg/intfloat__type_support.cpp.o] Error 1
[4.349s] make[2]: *** Waiting for unfinished jobs....
[5.132s] make[1]: *** [CMakeFiles/Makefile2:179: CMakeFiles/class_test_interfaces__rosidl_typesupport_cpp.dir/all] Error 2
[5.132s] make: *** [Makefile:141: all] Error 2
[5.133s] Invoked command in '/home/python/robot_ws/build/class_test_interfaces' returned '2': CMAKE_PREFIX_PATH=/home/python/robot_ws/install/move_turtle_pkg:/home/python/robot_ws/install/m_pubsub:/opt/ros/foxy /usr/bin/cmake --build /home/python/robot_ws/build/class_test_interfaces -- -j2 -l2
